<?xml version="1.0" encoding="UTF-8"?>
<testsuite xmlns:xsi="http://www.w3.org/2001/XMLSchema-instance" xsi:noNamespaceSchemaLocation="https://maven.apache.org/surefire/maven-surefire-plugin/xsd/surefire-test-report-3.0.xsd" version="3.0" name="school21.spring.service.services.UsersServiceImplTest" time="0.938" tests="11" errors="0" skipped="0" failures="0">
  <properties>
    <property name="gopherProxySet" value="false"/>
    <property name="awt.toolkit" value="sun.lwawt.macosx.LWCToolkit"/>
    <property name="file.encoding.pkg" value="sun.io"/>
    <property name="java.specification.version" value="1.8"/>
    <property name="sun.cpu.isalist" value=""/>
    <property name="sun.jnu.encoding" value="UTF-8"/>
    <property name="java.class.path" value="/Users/lcaitlyn/Desktop/JavaPiscine/day08/ex02/Service/target/test-classes:/Users/lcaitlyn/Desktop/JavaPiscine/day08/ex02/Service/target/classes:/Users/lcaitlyn/.m2/repository/org/springframework/spring-core/5.3.23/spring-core-5.3.23.jar:/Users/lcaitlyn/.m2/repository/org/springframework/spring-jcl/5.3.23/spring-jcl-5.3.23.jar:/Users/lcaitlyn/.m2/repository/org/springframework/spring-beans/5.3.23/spring-beans-5.3.23.jar:/Users/lcaitlyn/.m2/repository/org/springframework/spring-context/5.3.23/spring-context-5.3.23.jar:/Users/lcaitlyn/.m2/repository/org/springframework/spring-aop/5.3.23/spring-aop-5.3.23.jar:/Users/lcaitlyn/.m2/repository/org/springframework/spring-expression/5.3.23/spring-expression-5.3.23.jar:/Users/lcaitlyn/.m2/repository/org/springframework/spring-jdbc/5.3.23/spring-jdbc-5.3.23.jar:/Users/lcaitlyn/.m2/repository/org/springframework/spring-tx/5.3.23/spring-tx-5.3.23.jar:/Users/lcaitlyn/.m2/repository/org/postgresql/postgresql/42.5.0/postgresql-42.5.0.jar:/Users/lcaitlyn/.m2/repository/org/checkerframework/checker-qual/3.5.0/checker-qual-3.5.0.jar:/Users/lcaitlyn/.m2/repository/com/zaxxer/HikariCP/4.0.3/HikariCP-4.0.3.jar:/Users/lcaitlyn/.m2/repository/org/slf4j/slf4j-api/1.7.30/slf4j-api-1.7.30.jar:/Users/lcaitlyn/.m2/repository/org/junit/jupiter/junit-jupiter-engine/5.8.2/junit-jupiter-engine-5.8.2.jar:/Users/lcaitlyn/.m2/repository/org/junit/platform/junit-platform-engine/1.8.2/junit-platform-engine-1.8.2.jar:/Users/lcaitlyn/.m2/repository/org/apiguardian/apiguardian-api/1.1.2/apiguardian-api-1.1.2.jar:/Users/lcaitlyn/.m2/repository/org/junit/jupiter/junit-jupiter-params/5.8.2/junit-jupiter-params-5.8.2.jar:/Users/lcaitlyn/.m2/repository/org/junit/jupiter/junit-jupiter-api/5.8.2/junit-jupiter-api-5.8.2.jar:/Users/lcaitlyn/.m2/repository/org/opentest4j/opentest4j/1.2.0/opentest4j-1.2.0.jar:/Users/lcaitlyn/.m2/repository/org/junit/platform/junit-platform-commons/1.8.2/junit-platform-commons-1.8.2.jar:/Users/lcaitlyn/.m2/repository/org/hsqldb/hsqldb/2.4.1/hsqldb-2.4.1.jar:"/>
    <property name="java.vm.vendor" value="Amazon.com Inc."/>
    <property name="sun.arch.data.model" value="64"/>
    <property name="java.vendor.url" value="https://aws.amazon.com/corretto/"/>
    <property name="user.timezone" value="Europe/Moscow"/>
    <property name="java.vm.specification.version" value="1.8"/>
    <property name="os.name" value="Mac OS X"/>
    <property name="user.country" value="RU"/>
    <property name="sun.java.launcher" value="SUN_STANDARD"/>
    <property name="sun.boot.library.path" value="/Users/lcaitlyn/Library/Java/JavaVirtualMachines/corretto-1.8.0_332/Contents/Home/jre/lib"/>
    <property name="sun.java.command" value="/Users/lcaitlyn/Desktop/JavaPiscine/day08/ex02/Service/target/surefire/surefirebooter-20221110174123971_3.jar /Users/lcaitlyn/Desktop/JavaPiscine/day08/ex02/Service/target/surefire 2022-11-10T17-41-23_560-jvmRun1 surefire-20221110174123971_1tmp surefire_0-20221110174123971_2tmp"/>
    <property name="http.nonProxyHosts" value="local|*.local|169.254/16|*.169.254/16"/>
    <property name="surefire.test.class.path" value="/Users/lcaitlyn/Desktop/JavaPiscine/day08/ex02/Service/target/test-classes:/Users/lcaitlyn/Desktop/JavaPiscine/day08/ex02/Service/target/classes:/Users/lcaitlyn/.m2/repository/org/springframework/spring-core/5.3.23/spring-core-5.3.23.jar:/Users/lcaitlyn/.m2/repository/org/springframework/spring-jcl/5.3.23/spring-jcl-5.3.23.jar:/Users/lcaitlyn/.m2/repository/org/springframework/spring-beans/5.3.23/spring-beans-5.3.23.jar:/Users/lcaitlyn/.m2/repository/org/springframework/spring-context/5.3.23/spring-context-5.3.23.jar:/Users/lcaitlyn/.m2/repository/org/springframework/spring-aop/5.3.23/spring-aop-5.3.23.jar:/Users/lcaitlyn/.m2/repository/org/springframework/spring-expression/5.3.23/spring-expression-5.3.23.jar:/Users/lcaitlyn/.m2/repository/org/springframework/spring-jdbc/5.3.23/spring-jdbc-5.3.23.jar:/Users/lcaitlyn/.m2/repository/org/springframework/spring-tx/5.3.23/spring-tx-5.3.23.jar:/Users/lcaitlyn/.m2/repository/org/postgresql/postgresql/42.5.0/postgresql-42.5.0.jar:/Users/lcaitlyn/.m2/repository/org/checkerframework/checker-qual/3.5.0/checker-qual-3.5.0.jar:/Users/lcaitlyn/.m2/repository/com/zaxxer/HikariCP/4.0.3/HikariCP-4.0.3.jar:/Users/lcaitlyn/.m2/repository/org/slf4j/slf4j-api/1.7.30/slf4j-api-1.7.30.jar:/Users/lcaitlyn/.m2/repository/org/junit/jupiter/junit-jupiter-engine/5.8.2/junit-jupiter-engine-5.8.2.jar:/Users/lcaitlyn/.m2/repository/org/junit/platform/junit-platform-engine/1.8.2/junit-platform-engine-1.8.2.jar:/Users/lcaitlyn/.m2/repository/org/apiguardian/apiguardian-api/1.1.2/apiguardian-api-1.1.2.jar:/Users/lcaitlyn/.m2/repository/org/junit/jupiter/junit-jupiter-params/5.8.2/junit-jupiter-params-5.8.2.jar:/Users/lcaitlyn/.m2/repository/org/junit/jupiter/junit-jupiter-api/5.8.2/junit-jupiter-api-5.8.2.jar:/Users/lcaitlyn/.m2/repository/org/opentest4j/opentest4j/1.2.0/opentest4j-1.2.0.jar:/Users/lcaitlyn/.m2/repository/org/junit/platform/junit-platform-commons/1.8.2/junit-platform-commons-1.8.2.jar:/Users/lcaitlyn/.m2/repository/org/hsqldb/hsqldb/2.4.1/hsqldb-2.4.1.jar:"/>
    <property name="sun.cpu.endian" value="little"/>
    <property name="user.home" value="/Users/lcaitlyn"/>
    <property name="user.language" value="en"/>
    <property name="java.specification.vendor" value="Oracle Corporation"/>
    <property name="java.home" value="/Users/lcaitlyn/Library/Java/JavaVirtualMachines/corretto-1.8.0_332/Contents/Home/jre"/>
    <property name="basedir" value="/Users/lcaitlyn/Desktop/JavaPiscine/day08/ex02/Service"/>
    <property name="file.separator" value="/"/>
    <property name="line.separator" value="&#10;"/>
    <property name="java.vm.specification.vendor" value="Oracle Corporation"/>
    <property name="java.specification.name" value="Java Platform API Specification"/>
    <property name="java.awt.graphicsenv" value="sun.awt.CGraphicsEnvironment"/>
    <property name="surefire.real.class.path" value="/Users/lcaitlyn/Desktop/JavaPiscine/day08/ex02/Service/target/surefire/surefirebooter-20221110174123971_3.jar"/>
    <property name="sun.boot.class.path" value="/Users/lcaitlyn/Library/Java/JavaVirtualMachines/corretto-1.8.0_332/Contents/Home/jre/lib/resources.jar:/Users/lcaitlyn/Library/Java/JavaVirtualMachines/corretto-1.8.0_332/Contents/Home/jre/lib/rt.jar:/Users/lcaitlyn/Library/Java/JavaVirtualMachines/corretto-1.8.0_332/Contents/Home/jre/lib/sunrsasign.jar:/Users/lcaitlyn/Library/Java/JavaVirtualMachines/corretto-1.8.0_332/Contents/Home/jre/lib/jsse.jar:/Users/lcaitlyn/Library/Java/JavaVirtualMachines/corretto-1.8.0_332/Contents/Home/jre/lib/jce.jar:/Users/lcaitlyn/Library/Java/JavaVirtualMachines/corretto-1.8.0_332/Contents/Home/jre/lib/charsets.jar:/Users/lcaitlyn/Library/Java/JavaVirtualMachines/corretto-1.8.0_332/Contents/Home/jre/lib/jfr.jar:/Users/lcaitlyn/Library/Java/JavaVirtualMachines/corretto-1.8.0_332/Contents/Home/jre/classes"/>
    <property name="sun.management.compiler" value="HotSpot 64-Bit Tiered Compilers"/>
    <property name="ftp.nonProxyHosts" value="local|*.local|169.254/16|*.169.254/16"/>
    <property name="java.runtime.version" value="1.8.0_332-b08"/>
    <property name="user.name" value="lcaitlyn"/>
    <property name="path.separator" value=":"/>
    <property name="os.version" value="11.6.6"/>
    <property name="java.endorsed.dirs" value="/Users/lcaitlyn/Library/Java/JavaVirtualMachines/corretto-1.8.0_332/Contents/Home/jre/lib/endorsed"/>
    <property name="java.runtime.name" value="OpenJDK Runtime Environment"/>
    <property name="file.encoding" value="UTF-8"/>
    <property name="java.vm.name" value="OpenJDK 64-Bit Server VM"/>
    <property name="localRepository" value="/Users/lcaitlyn/.m2/repository"/>
    <property name="java.vendor.url.bug" value="https://github.com/corretto/corretto-8/issues/"/>
    <property name="java.io.tmpdir" value="/var/folders/zz/zyxvpxvq6csfxvn_n003vpth00yxpm/T/"/>
    <property name="idea.version" value="2021.3.1"/>
    <property name="java.version" value="1.8.0_332"/>
    <property name="user.dir" value="/Users/lcaitlyn/Desktop/JavaPiscine/day08/ex02/Service"/>
    <property name="os.arch" value="x86_64"/>
    <property name="java.vm.specification.name" value="Java Virtual Machine Specification"/>
    <property name="java.awt.printerjob" value="sun.lwawt.macosx.CPrinterJob"/>
    <property name="sun.os.patch.level" value="unknown"/>
    <property name="java.library.path" value="/Users/lcaitlyn/Library/Java/Extensions:/Library/Java/Extensions:/Network/Library/Java/Extensions:/System/Library/Java/Extensions:/usr/lib/java:."/>
    <property name="java.vm.info" value="mixed mode"/>
    <property name="java.vendor" value="Amazon.com Inc."/>
    <property name="java.vm.version" value="25.332-b08"/>
    <property name="java.ext.dirs" value="/Users/lcaitlyn/Library/Java/Extensions:/Users/lcaitlyn/Library/Java/JavaVirtualMachines/corretto-1.8.0_332/Contents/Home/jre/lib/ext:/Library/Java/Extensions:/Network/Library/Java/Extensions:/System/Library/Java/Extensions:/usr/lib/java"/>
    <property name="sun.io.unicode.encoding" value="UnicodeBig"/>
    <property name="java.class.version" value="52.0"/>
    <property name="socksNonProxyHosts" value="local|*.local|169.254/16|*.169.254/16"/>
  </properties>
  <testcase name="usersServiceNullTest" classname="school21.spring.service.services.UsersServiceImplTest" time="0.587">
    <system-err><![CDATA[SLF4J: Failed to load class "org.slf4j.impl.StaticLoggerBinder".
SLF4J: Defaulting to no-operation (NOP) logger implementation
SLF4J: See http://www.slf4j.org/codes.html#StaticLoggerBinder for further details.
]]></system-err>
  </testcase>
  <testcase name="usersServiceExceptionTest(String)[1]" classname="school21.spring.service.services.UsersServiceImplTest" time="0.1"/>
  <testcase name="usersServiceExceptionTest(String)[2]" classname="school21.spring.service.services.UsersServiceImplTest" time="0.026"/>
  <testcase name="usersServiceExceptionTest(String)[3]" classname="school21.spring.service.services.UsersServiceImplTest" time="0.026"/>
  <testcase name="usersServiceExceptionTest(String)[4]" classname="school21.spring.service.services.UsersServiceImplTest" time="0.023"/>
  <testcase name="usersServiceExceptionTest(String)[5]" classname="school21.spring.service.services.UsersServiceImplTest" time="0.024"/>
  <testcase name="usersServiceSuccessTest(String)[1]" classname="school21.spring.service.services.UsersServiceImplTest" time="0.02"/>
  <testcase name="usersServiceSuccessTest(String)[2]" classname="school21.spring.service.services.UsersServiceImplTest" time="0.021"/>
  <testcase name="usersServiceSuccessTest(String)[3]" classname="school21.spring.service.services.UsersServiceImplTest" time="0.022"/>
  <testcase name="usersServiceSuccessTest(String)[4]" classname="school21.spring.service.services.UsersServiceImplTest" time="0.02"/>
  <testcase name="usersServiceSuccessTest(String)[5]" classname="school21.spring.service.services.UsersServiceImplTest" time="0.019"/>
</testsuite>